android/build/intermediates/manifest_merge_blame_file/debug/manifest-merger-blame-debug-report.txt
1<?xml version="1.0" encoding="utf-8"?>
2<manifest xmlns:android="http://schemas.android.com/apk/res/android"
3    package="ru.nasvyazi.stories"
4    android:versionCode="1"
5    android:versionName="1.0" >
6
7    <uses-sdk
8        android:minSdkVersion="24"
8-->src/main/AndroidManifest.xml
9        android:targetSdkVersion="29" />
9-->src/main/AndroidManifest.xml
10    <!-- <uses-permission android:name="android.permission.SYSTEM_ALERT_WINDOW"></uses-permission> -->
11    <application>
11-->src/main/AndroidManifest.xml:5:3-8:17
12        <activity
12-->src/main/AndroidManifest.xml:6:9-7:38
13            android:name="ru.nasvyazi.stories.CustomCellSample"
13-->src/main/AndroidManifest.xml:6:19-70
14            android:exported="true" />
14-->src/main/AndroidManifest.xml:7:13-36
15    </application>
16
17</manifest>